0 info it worked if it ends with ok
1 verbose cli [ 'C:\\Program Files (x86)\\nodejs\\\\node.exe',
1 verbose cli   'C:\\Program Files (x86)\\nodejs\\node_modules\\npm\\bin\\npm-cli.js',
1 verbose cli   'install' ]
2 info using npm@2.7.4
3 info using node@v0.12.2
4 verbose node symlink C:\Program Files (x86)\nodejs\\node.exe
5 verbose install where, deps [ 'd:\\TaskManager',
5 verbose install   [ 'body-parser',
5 verbose install     'cookie-parser',
5 verbose install     'debug',
5 verbose install     'express',
5 verbose install     'ejs',
5 verbose install     'serve-favicon',
5 verbose install     'mongoose',
5 verbose install     'crypto',
5 verbose install     'mongoose-auto-increment',
5 verbose install     'nconf',
5 verbose install     'path',
5 verbose install     'express-session',
5 verbose install     'connect-mongo',
5 verbose install     'jsx-loader',
5 verbose install     'node-jsx',
5 verbose install     'react',
5 verbose install     'react-router',
5 verbose install     'react-bootstrap',
5 verbose install     'react-router-bootstrap',
5 verbose install     'reflux',
5 verbose install     'jquery',
5 verbose install     'async' ] ]
6 verbose install where, peers [ 'd:\\TaskManager', [] ]
7 info preinstall TaskManager@0.0.0
8 warn package.json path@0.11.14 path is also the name of a node core module.
9 warn package.json crypto@0.0.3 crypto is also the name of a node core module.
10 verbose already installed skipping nconf@* d:\TaskManager
11 verbose already installed skipping path@* d:\TaskManager
12 verbose already installed skipping express-session@* d:\TaskManager
13 verbose already installed skipping connect-mongo@* d:\TaskManager
14 verbose already installed skipping jsx-loader@* d:\TaskManager
15 verbose already installed skipping node-jsx@* d:\TaskManager
16 verbose already installed skipping react@* d:\TaskManager
17 verbose already installed skipping react-router@* d:\TaskManager
18 verbose already installed skipping react-bootstrap@* d:\TaskManager
19 verbose already installed skipping react-router-bootstrap@* d:\TaskManager
20 verbose already installed skipping reflux@* d:\TaskManager
21 verbose already installed skipping jquery@* d:\TaskManager
22 silly cache add args [ 'async@*', null ]
23 verbose cache add spec async@*
24 silly cache add parsed spec { raw: 'async@*',
24 silly cache add   scope: null,
24 silly cache add   name: 'async',
24 silly cache add   rawSpec: '*',
24 silly cache add   spec: '*',
24 silly cache add   type: 'range' }
25 verbose addNamed async@*
26 silly addNamed semver.valid null
27 silly addNamed semver.validRange *
28 silly addNameRange { name: 'async', range: '*', hasData: false }
29 silly mapToRegistry name async
30 silly mapToRegistry using default registry
31 silly mapToRegistry registry https://registry.npmjs.org/
32 silly mapToRegistry uri https://registry.npmjs.org/async
33 verbose addNameRange registry:https://registry.npmjs.org/async not in flight; fetching
34 verbose already installed skipping body-parser@* d:\TaskManager
35 verbose already installed skipping cookie-parser@* d:\TaskManager
36 verbose already installed skipping debug@* d:\TaskManager
37 verbose already installed skipping express@* d:\TaskManager
38 verbose already installed skipping ejs@* d:\TaskManager
39 verbose already installed skipping serve-favicon@~2.2.0 d:\TaskManager
40 verbose already installed skipping mongoose@4.1.3 d:\TaskManager
41 verbose already installed skipping crypto@* d:\TaskManager
42 verbose already installed skipping mongoose-auto-increment@* d:\TaskManager
43 verbose request uri https://registry.npmjs.org/async
44 verbose request no auth needed
45 info attempt registry request try #1 at 22:42:38
46 verbose request id 8ea3f9283770e0f2
47 verbose etag "ILNLY5LZ8O95S3STI6GPZBHS"
48 http request GET https://registry.npmjs.org/async
49 http 200 https://registry.npmjs.org/async
50 silly get cb [ 200,
50 silly get   { server: 'CouchDB/1.5.0 (Erlang OTP/R16B03)',
50 silly get     etag: '"3JH3NDMO8T67SDYYXTRRQ120V"',
50 silly get     'content-type': 'application/json',
50 silly get     'cache-control': 'max-age=60',
50 silly get     'content-length': '128368',
50 silly get     'accept-ranges': 'bytes',
50 silly get     date: 'Mon, 24 Aug 2015 18:42:34 GMT',
50 silly get     via: '1.1 varnish',
50 silly get     age: '18',
50 silly get     connection: 'keep-alive',
50 silly get     'x-served-by': 'cache-ams4134-AMS',
50 silly get     'x-cache': 'HIT',
50 silly get     'x-cache-hits': '203',
50 silly get     'x-timer': 'S1440441754.380878,VS0,VE0',
50 silly get     vary: 'Accept' } ]
51 verbose get saving async to C:\Users\User\AppData\Roaming\npm-cache\registry.npmjs.org\async\.cache.json
52 silly addNameRange number 2 { name: 'async', range: '*', hasData: true }
53 silly addNameRange versions [ 'async',
53 silly addNameRange   [ '0.1.0',
53 silly addNameRange     '0.1.1',
53 silly addNameRange     '0.1.2',
53 silly addNameRange     '0.1.3',
53 silly addNameRange     '0.1.4',
53 silly addNameRange     '0.1.5',
53 silly addNameRange     '0.1.6',
53 silly addNameRange     '0.1.7',
53 silly addNameRange     '0.1.8',
53 silly addNameRange     '0.1.9',
53 silly addNameRange     '0.1.10',
53 silly addNameRange     '0.1.11',
53 silly addNameRange     '0.1.12',
53 silly addNameRange     '0.1.13',
53 silly addNameRange     '0.1.14',
53 silly addNameRange     '0.1.15',
53 silly addNameRange     '0.1.16',
53 silly addNameRange     '0.1.17',
53 silly addNameRange     '0.1.18',
53 silly addNameRange     '0.1.19',
53 silly addNameRange     '0.1.20',
53 silly addNameRange     '0.1.21',
53 silly addNameRange     '0.1.22',
53 silly addNameRange     '0.2.0',
53 silly addNameRange     '0.2.1',
53 silly addNameRange     '0.2.2',
53 silly addNameRange     '0.2.3',
53 silly addNameRange     '0.2.4',
53 silly addNameRange     '0.2.5',
53 silly addNameRange     '0.2.6',
53 silly addNameRange     '0.2.7',
53 silly addNameRange     '0.2.8',
53 silly addNameRange     '0.2.9',
53 silly addNameRange     '0.2.10',
53 silly addNameRange     '0.3.0',
53 silly addNameRange     '0.4.0',
53 silly addNameRange     '0.4.1',
53 silly addNameRange     '0.5.0',
53 silly addNameRange     '0.6.0',
53 silly addNameRange     '0.6.1',
53 silly addNameRange     '0.6.2',
53 silly addNameRange     '0.7.0',
53 silly addNameRange     '0.8.0',
53 silly addNameRange     '0.9.0',
53 silly addNameRange     '0.9.2',
53 silly addNameRange     '1.0.0',
53 silly addNameRange     '1.1.0',
53 silly addNameRange     '1.2.0',
53 silly addNameRange     '1.1.1',
53 silly addNameRange     '1.2.1',
53 silly addNameRange     '1.3.0',
53 silly addNameRange     '1.4.0',
53 silly addNameRange     '1.4.1',
53 silly addNameRange     '1.4.2' ] ]
54 verbose addNamed async@1.4.2
55 silly addNamed semver.valid 1.4.2
56 silly addNamed semver.validRange 1.4.2
57 silly cache afterAdd async@1.4.2
58 verbose afterAdd C:\Users\User\AppData\Roaming\npm-cache\async\1.4.2\package\package.json not in flight; writing
59 verbose afterAdd C:\Users\User\AppData\Roaming\npm-cache\async\1.4.2\package\package.json written
60 silly install resolved [ { name: 'async',
60 silly install resolved     description: 'Higher-order functions and common patterns for asynchronous code',
60 silly install resolved     main: 'lib/async.js',
60 silly install resolved     files: [ 'lib' ],
60 silly install resolved     author: { name: 'Caolan McMahon' },
60 silly install resolved     version: '1.4.2',
60 silly install resolved     keywords: [ 'async', 'callback', 'utility', 'module' ],
60 silly install resolved     repository: { type: 'git', url: 'git+https://github.com/caolan/async.git' },
60 silly install resolved     bugs: { url: 'https://github.com/caolan/async/issues' },
60 silly install resolved     license: 'MIT',
60 silly install resolved     devDependencies:
60 silly install resolved      { benchmark: 'github:bestiejs/benchmark.js',
60 silly install resolved        bluebird: '^2.9.32',
60 silly install resolved        chai: '^3.1.0',
60 silly install resolved        coveralls: '^2.11.2',
60 silly install resolved        'es6-promise': '^2.3.0',
60 silly install resolved        jscs: '^1.13.1',
60 silly install resolved        jshint: '~2.8.0',
60 silly install resolved        karma: '^0.13.2',
60 silly install resolved        'karma-browserify': '^4.2.1',
60 silly install resolved        'karma-firefox-launcher': '^0.1.6',
60 silly install resolved        'karma-mocha': '^0.2.0',
60 silly install resolved        'karma-mocha-reporter': '^1.0.2',
60 silly install resolved        lodash: '^3.9.0',
60 silly install resolved        mkdirp: '~0.5.1',
60 silly install resolved        mocha: '^2.2.5',
60 silly install resolved        'native-promise-only': '^0.8.0-a',
60 silly install resolved        nodeunit: '>0.0.0',
60 silly install resolved        nyc: '^2.1.0',
60 silly install resolved        rsvp: '^3.0.18',
60 silly install resolved        'uglify-js': '~2.4.0',
60 silly install resolved        xyz: '^0.5.0',
60 silly install resolved        yargs: '~3.9.1' },
60 silly install resolved     jam: { main: 'lib/async.js', include: [Object], categories: [Object] },
60 silly install resolved     scripts:
60 silly install resolved      { 'mocha-node-test': 'mocha mocha_test/',
60 silly install resolved        'mocha-browser-test': 'karma start',
60 silly install resolved        'mocha-test': 'npm run mocha-node-test && npm run mocha-browser-test',
60 silly install resolved        'nodeunit-test': 'nodeunit test/test-async.js',
60 silly install resolved        test: 'npm run-script lint && npm run nodeunit-test && npm run mocha-test',
60 silly install resolved        lint: 'jshint lib/*.js test/*.js perf/*.js && jscs lib/*.js test/*.js perf/*.js',
60 silly install resolved        coverage: 'nyc npm test && nyc report',
60 silly install resolved        coveralls: 'nyc npm test && nyc report --reporter=text-lcov | coveralls' },
60 silly install resolved     spm: { main: 'lib/async.js' },
60 silly install resolved     volo: { main: 'lib/async.js', ignore: [Object] },
60 silly install resolved     gitHead: '92f78aebad222d60c13e4299c0e723f2fe2d6611',
60 silly install resolved     homepage: 'https://github.com/caolan/async#readme',
60 silly install resolved     _id: 'async@1.4.2',
60 silly install resolved     _shasum: '6c9edcb11ced4f0dd2f2d40db0d49a109c088aab',
60 silly install resolved     _from: 'async@*',
60 silly install resolved     _npmVersion: '2.9.0',
60 silly install resolved     _nodeVersion: '2.0.1',
60 silly install resolved     _npmUser: { name: 'megawac', email: 'megawac@gmail.com' },
60 silly install resolved     dist:
60 silly install resolved      { shasum: '6c9edcb11ced4f0dd2f2d40db0d49a109c088aab',
60 silly install resolved        tarball: 'http://registry.npmjs.org/async/-/async-1.4.2.tgz' },
60 silly install resolved     maintainers: [ [Object], [Object], [Object], [Object] ],
60 silly install resolved     directories: {},
60 silly install resolved     _resolved: 'https://registry.npmjs.org/async/-/async-1.4.2.tgz',
60 silly install resolved     readme: 'ERROR: No README data found!' } ]
61 info install async@1.4.2 into d:\TaskManager
62 info installOne async@1.4.2
63 verbose installOne of async to d:\TaskManager not in flight; installing
64 verbose lock using C:\Users\User\AppData\Roaming\npm-cache\_locks\async-d986d0b70da58a58.lock for d:\TaskManager\node_modules\async
65 silly install write writing async 1.4.2 to d:\TaskManager\node_modules\async
66 silly cache addNamed cb async@1.4.2
67 verbose unbuild node_modules\async
68 silly gentlyRm d:\TaskManager\node_modules\async is being purged from base d:\TaskManager
69 verbose gentlyRm don't care about contents; nuking d:\TaskManager\node_modules\async
70 verbose tar unpack C:\Users\User\AppData\Roaming\npm-cache\async\1.4.2\package.tgz
71 verbose tar unpacking to d:\TaskManager\node_modules\async
72 silly gentlyRm d:\TaskManager\node_modules\async is being purged
73 verbose gentlyRm don't care about contents; nuking d:\TaskManager\node_modules\async
74 silly gunzTarPerm modes [ '777', '666' ]
75 silly gunzTarPerm extractEntry package.json
76 silly gunzTarPerm modified mode [ 'package.json', 420, 438 ]
77 silly gunzTarPerm extractEntry LICENSE
78 silly gunzTarPerm modified mode [ 'LICENSE', 420, 438 ]
79 silly gunzTarPerm extractEntry CHANGELOG.md
80 silly gunzTarPerm modified mode [ 'CHANGELOG.md', 420, 438 ]
81 silly gunzTarPerm extractEntry lib/async.js
82 silly gunzTarPerm modified mode [ 'lib/async.js', 420, 438 ]
83 info preinstall async@1.4.2
84 silly install resolved []
85 verbose about to build d:\TaskManager\node_modules\async
86 info build d:\TaskManager\node_modules\async
87 verbose linkStuff [ false, false, false, 'd:\\TaskManager\\node_modules' ]
88 info linkStuff async@1.4.2
89 verbose linkBins async@1.4.2
90 verbose linkMans async@1.4.2
91 verbose rebuildBundles async@1.4.2
92 info install async@1.4.2
93 info postinstall async@1.4.2
94 verbose unlock done using C:\Users\User\AppData\Roaming\npm-cache\_locks\async-d986d0b70da58a58.lock for d:\TaskManager\node_modules\async
95 info build d:\TaskManager
96 verbose linkStuff [ false, false, false, 'd:\\' ]
97 info linkStuff TaskManager@0.0.0
98 verbose linkBins TaskManager@0.0.0
99 verbose linkMans TaskManager@0.0.0
100 verbose rebuildBundles TaskManager@0.0.0
101 verbose rebuildBundles [ '.bin',
101 verbose rebuildBundles   'async',
101 verbose rebuildBundles   'body-parser',
101 verbose rebuildBundles   'connect-mongo',
101 verbose rebuildBundles   'cookie-parser',
101 verbose rebuildBundles   'crypto',
101 verbose rebuildBundles   'debug',
101 verbose rebuildBundles   'ejs',
101 verbose rebuildBundles   'express',
101 verbose rebuildBundles   'express-session',
101 verbose rebuildBundles   'jade',
101 verbose rebuildBundles   'jquery',
101 verbose rebuildBundles   'jsx-loader',
101 verbose rebuildBundles   'mongoose',
101 verbose rebuildBundles   'mongoose-auto-increment',
101 verbose rebuildBundles   'morgan',
101 verbose rebuildBundles   'nconf',
101 verbose rebuildBundles   'node-jsx',
101 verbose rebuildBundles   'path',
101 verbose rebuildBundles   'react',
101 verbose rebuildBundles   'react-bootstrap',
101 verbose rebuildBundles   'react-router',
101 verbose rebuildBundles   'react-router-bootstrap',
101 verbose rebuildBundles   'reflux',
101 verbose rebuildBundles   'serve-favicon' ]
102 verbose rebuild bundle d:\TaskManager\node_modules\jade
103 info build d:\TaskManager\node_modules\jade
104 info preinstall jade@1.9.2
105 verbose linkStuff [ false, false, false, 'd:\\TaskManager\\node_modules' ]
106 info linkStuff jade@1.9.2
107 verbose linkBins jade@1.9.2
108 verbose link bins [ { jade: './bin/jade.js' },
108 verbose link bins   'd:\\TaskManager\\node_modules\\.bin',
108 verbose link bins   false ]
109 verbose linkMans jade@1.9.2
110 verbose rebuildBundles jade@1.9.2
111 verbose rebuildBundles [ '.bin',
111 verbose rebuildBundles   'character-parser',
111 verbose rebuildBundles   'commander',
111 verbose rebuildBundles   'constantinople',
111 verbose rebuildBundles   'mkdirp',
111 verbose rebuildBundles   'transformers',
111 verbose rebuildBundles   'void-elements',
111 verbose rebuildBundles   'with' ]
112 info install jade@1.9.2
113 info postinstall jade@1.9.2
114 verbose rebuild bundle d:\TaskManager\node_modules\morgan
115 info build d:\TaskManager\node_modules\morgan
116 info preinstall morgan@1.3.2
117 verbose linkStuff [ false, false, false, 'd:\\TaskManager\\node_modules' ]
118 info linkStuff morgan@1.3.2
119 verbose linkBins morgan@1.3.2
120 verbose linkMans morgan@1.3.2
121 verbose rebuildBundles morgan@1.3.2
122 verbose rebuildBundles [ 'basic-auth', 'depd', 'on-finished' ]
123 info install morgan@1.3.2
124 info postinstall morgan@1.3.2
125 info install TaskManager@0.0.0
126 info postinstall TaskManager@0.0.0
127 info prepublish TaskManager@0.0.0
128 verbose stack Error: The package mongoose does not satisfy its siblings' peerDependencies requirements!
128 verbose stack     at C:\Program Files (x86)\nodejs\node_modules\npm\lib\install.js:125:32
128 verbose stack     at C:\Program Files (x86)\nodejs\node_modules\npm\lib\install.js:264:7
128 verbose stack     at C:\Program Files (x86)\nodejs\node_modules\npm\node_modules\read-installed\read-installed.js:138:5
128 verbose stack     at C:\Program Files (x86)\nodejs\node_modules\npm\node_modules\read-installed\read-installed.js:251:14
128 verbose stack     at cb (C:\Program Files (x86)\nodejs\node_modules\npm\node_modules\slide\lib\async-map.js:47:24)
128 verbose stack     at C:\Program Files (x86)\nodejs\node_modules\npm\node_modules\read-installed\read-installed.js:251:14
128 verbose stack     at cb (C:\Program Files (x86)\nodejs\node_modules\npm\node_modules\slide\lib\async-map.js:47:24)
128 verbose stack     at C:\Program Files (x86)\nodejs\node_modules\npm\node_modules\read-installed\read-installed.js:251:14
128 verbose stack     at cb (C:\Program Files (x86)\nodejs\node_modules\npm\node_modules\slide\lib\async-map.js:47:24)
128 verbose stack     at C:\Program Files (x86)\nodejs\node_modules\npm\node_modules\read-installed\read-installed.js:251:14
129 verbose cwd d:\TaskManager
130 error Windows_NT 6.1.7601
131 error argv "C:\\Program Files (x86)\\nodejs\\\\node.exe" "C:\\Program Files (x86)\\nodejs\\node_modules\\npm\\bin\\npm-cli.js" "install"
132 error node v0.12.2
133 error npm  v2.7.4
134 error code EPEERINVALID
135 error peerinvalid The package mongoose does not satisfy its siblings' peerDependencies requirements!
135 error peerinvalid Peer mongoose-auto-increment@4.0.0 wants mongoose@~4.0.0
136 verbose exit [ 1, true ]
